<?xml version="1.0" encoding="UTF-8"?>
<testsuite xmlns:xsi="http://www.w3.org/2001/XMLSchema-instance" xsi:noNamespaceSchemaLocation="https://maven.apache.org/surefire/maven-surefire-plugin/xsd/surefire-test-report.xsd" name="RoomTest" time="0.02" tests="4" errors="0" skipped="0" failures="0">
  <properties>
[...]
</properties>
  <testcase name="roomAddTest" classname="RoomTest" time="0.012"/>
  <testcase name="updateClientTest" classname="RoomTest" time="0.002"/>
  <testcase name="getRoomTest" classname="RoomTest" time="0"/>
  <testcase name="roomRemoveTest" classname="RoomTest" time="0.006"/>
</testsuite>