<?xml version="1.0" encoding="UTF-8"?>
<testsuite xmlns:xsi="http://www.w3.org/2001/XMLSchema-instance" xsi:noNamespaceSchemaLocation="https://maven.apache.org/surefire/maven-surefire-plugin/xsd/surefire-test-report.xsd" name="repositories.ShowRepositoryTest" time="2.446" tests="3" errors="0" skipped="0" failures="0">
  <properties>
[...]
</properties>
  <testcase name="testAddAndGet" classname="repositories.ShowRepositoryTest" time="0.003"/>
  <testcase name="testDelete" classname="repositories.ShowRepositoryTest" time="0.004"/>
  <testcase name="testUpdate" classname="repositories.ShowRepositoryTest" time="0.003"/>
</testsuite>